This is XeTeX, Version 3.141592653-2.6-0.999995 (TeX Live 2023) (preloaded format=xelatex 2023.4.16)  23 APR 2023 17:15
entering extended mode
 restricted \write18 enabled.
 file:line:error style messages enabled.
 %&-line parsing enabled.
**"c:/Users/10253/Downloads/Compressed/Final Report/main"
(c:/Users/10253/Downloads/Compressed/Final Report/main.tex
LaTeX2e <2022-11-01> patch level 1
L3 programming layer <2023-03-30> (d:/texlive/2023/texmf-dist/tex/latex/base/article.cls
Document Class: article 2022/07/02 v1.4n Standard LaTeX document class
(d:/texlive/2023/texmf-dist/tex/latex/base/size11.clo
File: size11.clo 2022/07/02 v1.4n Standard LaTeX file (size option)
)
\c@part=\count181
\c@section=\count182
\c@subsection=\count183
\c@subsubsection=\count184
\c@paragraph=\count185
\c@subparagraph=\count186
\c@figure=\count187
\c@table=\count188
\abovecaptionskip=\skip48
\belowcaptionskip=\skip49
\bibindent=\dimen140
) (d:/texlive/2023/texmf-dist/tex/generic/babel/babel.sty
Package: babel 2023/03/28 3.87 The Babel package
\babel@savecnt=\count189
\U@D=\dimen141
\l@unhyphenated=\language87
 (d:/texlive/2023/texmf-dist/tex/generic/babel/xebabel.def)
\bbl@readstream=\read2
\bbl@dirlevel=\count190
 (d:/texlive/2023/texmf-dist/tex/generic/babel-english/english.ldf
Language: english 2017/06/06 v3.3r English support from the babel system
Package babel Info: Hyphen rules for 'canadian' set to \l@english
(babel)             (\language0). Reported on input line 102.
Package babel Info: Hyphen rules for 'australian' set to \l@ukenglish
(babel)             (\language21). Reported on input line 105.
Package babel Info: Hyphen rules for 'newzealand' set to \l@ukenglish
(babel)             (\language21). Reported on input line 108.
)) (d:/texlive/2023/texmf-dist/tex/generic/babel/locale/en/babel-english.tex
Package babel Info: Importing font and identification data for english
(babel)             from babel-en.ini. Reported on input line 11.
) (d:/texlive/2023/texmf-dist/tex/latex/geometry/geometry.sty
Package: geometry 2020/01/02 v5.9 Page Geometry
 (d:/texlive/2023/texmf-dist/tex/latex/graphics/keyval.sty
Package: keyval 2022/05/29 v1.15 key=value parser (DPC)
\KV@toks@=\toks16
) (d:/texlive/2023/texmf-dist/tex/generic/iftex/ifvtex.sty
Package: ifvtex 2019/10/25 v1.7 ifvtex legacy package. Use iftex instead.
 (d:/texlive/2023/texmf-dist/tex/generic/iftex/iftex.sty
Package: iftex 2022/02/03 v1.0f TeX engine tests
))
\Gm@cnth=\count191
\Gm@cntv=\count192
\c@Gm@tempcnt=\count193
\Gm@bindingoffset=\dimen142
\Gm@wd@mp=\dimen143
\Gm@odd@mp=\dimen144
\Gm@even@mp=\dimen145
\Gm@layoutwidth=\dimen146
\Gm@layoutheight=\dimen147
\Gm@layouthoffset=\dimen148
\Gm@layoutvoffset=\dimen149
\Gm@dimlist=\toks17
) (d:/texlive/2023/texmf-dist/tex/latex/amsmath/amsmath.sty
Package: amsmath 2022/04/08 v2.17n AMS math features
\@mathmargin=\skip50

For additional information on amsmath, use the `?' option.
(d:/texlive/2023/texmf-dist/tex/latex/amsmath/amstext.sty
Package: amstext 2021/08/26 v2.01 AMS text
 (d:/texlive/2023/texmf-dist/tex/latex/amsmath/amsgen.sty
File: amsgen.sty 1999/11/30 v2.0 generic functions
\@emptytoks=\toks18
\ex@=\dimen150
)) (d:/texlive/2023/texmf-dist/tex/latex/amsmath/amsbsy.sty
Package: amsbsy 1999/11/29 v1.2d Bold Symbols
\pmbraise@=\dimen151
) (d:/texlive/2023/texmf-dist/tex/latex/amsmath/amsopn.sty
Package: amsopn 2022/04/08 v2.04 operator names
)
\inf@bad=\count194
LaTeX Info: Redefining \frac on input line 234.
\uproot@=\count195
\leftroot@=\count196
LaTeX Info: Redefining \overline on input line 399.
LaTeX Info: Redefining \colon on input line 410.
\classnum@=\count197
\DOTSCASE@=\count198
LaTeX Info: Redefining \ldots on input line 496.
LaTeX Info: Redefining \dots on input line 499.
LaTeX Info: Redefining \cdots on input line 620.
\Mathstrutbox@=\box51
\strutbox@=\box52
LaTeX Info: Redefining \big on input line 722.
LaTeX Info: Redefining \Big on input line 723.
LaTeX Info: Redefining \bigg on input line 724.
LaTeX Info: Redefining \Bigg on input line 725.
\big@size=\dimen152
LaTeX Font Info:    Redeclaring font encoding OML on input line 743.
LaTeX Font Info:    Redeclaring font encoding OMS on input line 744.
\macc@depth=\count199
LaTeX Info: Redefining \bmod on input line 905.
LaTeX Info: Redefining \pmod on input line 910.
LaTeX Info: Redefining \smash on input line 940.
LaTeX Info: Redefining \relbar on input line 970.
LaTeX Info: Redefining \Relbar on input line 971.
\c@MaxMatrixCols=\count266
\dotsspace@=\muskip16
\c@parentequation=\count267
\dspbrk@lvl=\count268
\tag@help=\toks19
\row@=\count269
\column@=\count270
\maxfields@=\count271
\andhelp@=\toks20
\eqnshift@=\dimen153
\alignsep@=\dimen154
\tagshift@=\dimen155
\tagwidth@=\dimen156
\totwidth@=\dimen157
\lineht@=\dimen158
\@envbody=\toks21
\multlinegap=\skip51
\multlinetaggap=\skip52
\mathdisplay@stack=\toks22
LaTeX Info: Redefining \[ on input line 2953.
LaTeX Info: Redefining \] on input line 2954.
) (d:/texlive/2023/texmf-dist/tex/latex/graphics/graphicx.sty
Package: graphicx 2021/09/16 v1.2d Enhanced LaTeX Graphics (DPC,SPQR)
 (d:/texlive/2023/texmf-dist/tex/latex/graphics/graphics.sty
Package: graphics 2022/03/10 v1.4e Standard LaTeX Graphics (DPC,SPQR)
 (d:/texlive/2023/texmf-dist/tex/latex/graphics/trig.sty
Package: trig 2021/08/11 v1.11 sin cos tan (DPC)
) (d:/texlive/2023/texmf-dist/tex/latex/graphics-cfg/graphics.cfg
File: graphics.cfg 2016/06/04 v1.11 sample graphics configuration
)
Package graphics Info: Driver file: xetex.def on input line 107.
 (d:/texlive/2023/texmf-dist/tex/latex/graphics-def/xetex.def
File: xetex.def 2022/09/22 v5.0n Graphics/color driver for xetex
))
\Gin@req@height=\dimen159
\Gin@req@width=\dimen160
) (d:/texlive/2023/texmf-dist/tex/latex/hyperref/hyperref.sty
Package: hyperref 2023-02-07 v7.00v Hypertext links for LaTeX
 (d:/texlive/2023/texmf-dist/tex/generic/ltxcmds/ltxcmds.sty
Package: ltxcmds 2020-05-10 v1.25 LaTeX kernel commands for general use (HO)
) (d:/texlive/2023/texmf-dist/tex/generic/pdftexcmds/pdftexcmds.sty
Package: pdftexcmds 2020-06-27 v0.33 Utility functions of pdfTeX for LuaTeX (HO)
 (d:/texlive/2023/texmf-dist/tex/generic/infwarerr/infwarerr.sty
Package: infwarerr 2019/12/03 v1.5 Providing info/warning/error messages (HO)
)
Package pdftexcmds Info: \pdf@primitive is available.
Package pdftexcmds Info: \pdf@ifprimitive is available.
Package pdftexcmds Info: \pdfdraftmode not found.
) (d:/texlive/2023/texmf-dist/tex/latex/kvsetkeys/kvsetkeys.sty
Package: kvsetkeys 2022-10-05 v1.19 Key value parser (HO)
) (d:/texlive/2023/texmf-dist/tex/generic/kvdefinekeys/kvdefinekeys.sty
Package: kvdefinekeys 2019-12-19 v1.6 Define keys (HO)
) (d:/texlive/2023/texmf-dist/tex/generic/pdfescape/pdfescape.sty
Package: pdfescape 2019/12/09 v1.15 Implements pdfTeX's escape features (HO)
) (d:/texlive/2023/texmf-dist/tex/latex/hycolor/hycolor.sty
Package: hycolor 2020-01-27 v1.10 Color options for hyperref/bookmark (HO)
) (d:/texlive/2023/texmf-dist/tex/latex/letltxmacro/letltxmacro.sty
Package: letltxmacro 2019/12/03 v1.6 Let assignment for LaTeX macros (HO)
) (d:/texlive/2023/texmf-dist/tex/latex/auxhook/auxhook.sty
Package: auxhook 2019-12-17 v1.6 Hooks for auxiliary files (HO)
) (d:/texlive/2023/texmf-dist/tex/latex/hyperref/nameref.sty
Package: nameref 2022-05-17 v2.50 Cross-referencing by name of section
 (d:/texlive/2023/texmf-dist/tex/latex/refcount/refcount.sty
Package: refcount 2019/12/15 v3.6 Data extraction from label references (HO)
) (d:/texlive/2023/texmf-dist/tex/generic/gettitlestring/gettitlestring.sty
Package: gettitlestring 2019/12/15 v1.6 Cleanup title references (HO)
 (d:/texlive/2023/texmf-dist/tex/latex/kvoptions/kvoptions.sty
Package: kvoptions 2022-06-15 v3.15 Key value format for package options (HO)
))
\c@section@level=\count272
)
\@linkdim=\dimen161
\Hy@linkcounter=\count273
\Hy@pagecounter=\count274
 (d:/texlive/2023/texmf-dist/tex/latex/hyperref/pd1enc.def
File: pd1enc.def 2023-02-07 v7.00v Hyperref: PDFDocEncoding definition (HO)
) (d:/texlive/2023/texmf-dist/tex/generic/intcalc/intcalc.sty
Package: intcalc 2019/12/15 v1.3 Expandable calculations with integers (HO)
) (d:/texlive/2023/texmf-dist/tex/generic/etexcmds/etexcmds.sty
Package: etexcmds 2019/12/15 v1.7 Avoid name clashes with e-TeX commands (HO)
)
\Hy@SavedSpaceFactor=\count275
 (d:/texlive/2023/texmf-dist/tex/latex/hyperref/puenc.def
File: puenc.def 2023-02-07 v7.00v Hyperref: PDF Unicode definition (HO)
)
Package hyperref Info: Option `colorlinks' set `true' on input line 4060.
Package hyperref Info: Hyper figures OFF on input line 4177.
Package hyperref Info: Link nesting OFF on input line 4182.
Package hyperref Info: Hyper index ON on input line 4185.
Package hyperref Info: Plain pages OFF on input line 4192.
Package hyperref Info: Backreferencing OFF on input line 4197.
Package hyperref Info: Implicit mode ON; LaTeX internals redefined.
Package hyperref Info: Bookmarks ON on input line 4425.
\c@Hy@tempcnt=\count276
 (d:/texlive/2023/texmf-dist/tex/latex/url/url.sty
\Urlmuskip=\muskip17
Package: url 2013/09/16  ver 3.4  Verb mode for urls, etc.
)
LaTeX Info: Redefining \url on input line 4763.
\XeTeXLinkMargin=\dimen162
 (d:/texlive/2023/texmf-dist/tex/generic/bitset/bitset.sty
Package: bitset 2019/12/09 v1.3 Handle bit-vector datatype (HO)
 (d:/texlive/2023/texmf-dist/tex/generic/bigintcalc/bigintcalc.sty
Package: bigintcalc 2019/12/15 v1.5 Expandable calculations on big integers (HO)
))
\Fld@menulength=\count277
\Field@Width=\dimen163
\Fld@charsize=\dimen164
Package hyperref Info: Hyper figures OFF on input line 6042.
Package hyperref Info: Link nesting OFF on input line 6047.
Package hyperref Info: Hyper index ON on input line 6050.
Package hyperref Info: backreferencing OFF on input line 6057.
Package hyperref Info: Link coloring ON on input line 6060.
Package hyperref Info: Link coloring with OCG OFF on input line 6067.
Package hyperref Info: PDF/A mode OFF on input line 6072.
 (d:/texlive/2023/texmf-dist/tex/latex/base/atbegshi-ltx.sty
Package: atbegshi-ltx 2021/01/10 v1.0c Emulation of the original atbegshi
package with kernel methods
)
\Hy@abspage=\count278
\c@Item=\count279
\c@Hfootnote=\count280
)
Package hyperref Info: Driver (autodetected): hxetex.
 (d:/texlive/2023/texmf-dist/tex/latex/hyperref/hxetex.def
File: hxetex.def 2023-02-07 v7.00v Hyperref driver for XeTeX
 (d:/texlive/2023/texmf-dist/tex/generic/stringenc/stringenc.sty
Package: stringenc 2019/11/29 v1.12 Convert strings between diff. encodings (HO)
)
\pdfm@box=\box53
\c@Hy@AnnotLevel=\count281
\HyField@AnnotCount=\count282
\Fld@listcount=\count283
\c@bookmark@seq@number=\count284
 (d:/texlive/2023/texmf-dist/tex/latex/rerunfilecheck/rerunfilecheck.sty
Package: rerunfilecheck 2022-07-10 v1.10 Rerun checks for auxiliary files (HO)
 (d:/texlive/2023/texmf-dist/tex/latex/base/atveryend-ltx.sty
Package: atveryend-ltx 2020/08/19 v1.0a Emulation of the original atveryend package
with kernel methods
) (d:/texlive/2023/texmf-dist/tex/generic/uniquecounter/uniquecounter.sty
Package: uniquecounter 2019/12/15 v1.4 Provide unlimited unique counter (HO)
)
Package uniquecounter Info: New unique counter `rerunfilecheck' on input line 285.
)
\Hy@SectionHShift=\skip53
) (d:/texlive/2023/texmf-dist/tex/latex/xcolor/xcolor.sty
Package: xcolor 2022/06/12 v2.14 LaTeX color extensions (UK)
 (d:/texlive/2023/texmf-dist/tex/latex/graphics-cfg/color.cfg
File: color.cfg 2016/01/02 v1.6 sample color configuration
)
Package xcolor Info: Driver file: xetex.def on input line 227.
 (d:/texlive/2023/texmf-dist/tex/latex/graphics/mathcolor.ltx)
Package xcolor Info: Model `cmy' substituted by `cmy0' on input line 1353.
Package xcolor Info: Model `RGB' extended on input line 1369.
Package xcolor Info: Model `HTML' substituted by `rgb' on input line 1371.
Package xcolor Info: Model `Hsb' substituted by `hsb' on input line 1372.
Package xcolor Info: Model `tHsb' substituted by `hsb' on input line 1373.
Package xcolor Info: Model `HSB' substituted by `hsb' on input line 1374.
Package xcolor Info: Model `Gray' substituted by `gray' on input line 1375.
Package xcolor Info: Model `wave' substituted by `hsb' on input line 1376.
) (d:/texlive/2023/texmf-dist/tex/latex/algorithms/algorithm.sty
Invalid UTF-8 byte or sequence at line 11 replaced by U+FFFD.
Package: algorithm 2009/08/24 v0.1 Document Style `algorithm' - floating environment
 (d:/texlive/2023/texmf-dist/tex/latex/float/float.sty
Package: float 2001/11/08 v1.3d Float enhancements (AL)
\c@float@type=\count285
\float@exts=\toks23
\float@box=\box54
\@float@everytoks=\toks24
\@floatcapt=\box55
) (d:/texlive/2023/texmf-dist/tex/latex/base/ifthen.sty
Package: ifthen 2022/04/13 v1.1d Standard LaTeX ifthen package (DPC)
)
\@float@every@algorithm=\toks25
\c@algorithm=\count286
) (d:/texlive/2023/texmf-dist/tex/latex/algorithmicx/algorithmicx.sty
Package: algorithmicx 2005/04/27 v1.2 Algorithmicx

Document Style algorithmicx 1.2 - a greatly improved `algorithmic' style
\c@ALG@line=\count287
\c@ALG@rem=\count288
\c@ALG@nested=\count289
\ALG@tlm=\skip54
\ALG@thistlm=\skip55
\c@ALG@Lnr=\count290
\c@ALG@blocknr=\count291
\c@ALG@storecount=\count292
\c@ALG@tmpcounter=\count293
\ALG@tmplength=\skip56
) (d:/texlive/2023/texmf-dist/tex/latex/algorithmicx/algpseudocode.sty
Package: algpseudocode 

Document Style - pseudocode environments for use with the `algorithmicx' style
) (d:/texlive/2023/texmf-dist/tex/latex/tools/array.sty
Package: array 2022/09/04 v2.5g Tabular extension package (FMi)
\col@sep=\dimen165
\ar@mcellbox=\box56
\extrarowheight=\dimen166
\NC@list=\toks26
\extratabsurround=\skip57
\backup@length=\skip58
\ar@cellbox=\box57
) (d:/texlive/2023/texmf-dist/tex/latex/tools/tabularx.sty
Package: tabularx 2020/01/15 v2.11c `tabularx' package (DPC)
\TX@col@width=\dimen167
\TX@old@table=\dimen168
\TX@old@col=\dimen169
\TX@target=\dimen170
\TX@delta=\dimen171
\TX@cols=\count294
\TX@ftn=\toks27
) (d:/texlive/2023/texmf-dist/tex/latex/enumitem/enumitem.sty
Package: enumitem 2019/06/20 v3.9 Customized lists
\labelindent=\skip59
\enit@outerparindent=\dimen172
\enit@toks=\toks28
\enit@inbox=\box58
\enit@count@id=\count295
\enitdp@description=\count296
) (d:/texlive/2023/texmf-dist/tex/latex/caption/subcaption.sty
Package: subcaption 2023/02/19 v1.6 Sub-captions (AR)
 (d:/texlive/2023/texmf-dist/tex/latex/caption/caption.sty
Package: caption 2023/03/12 v3.6j Customizing captions (AR)
 (d:/texlive/2023/texmf-dist/tex/latex/caption/caption3.sty
Package: caption3 2023/03/12 v2.4 caption3 kernel (AR)
\caption@tempdima=\dimen173
\captionmargin=\dimen174
\caption@leftmargin=\dimen175
\caption@rightmargin=\dimen176
\caption@width=\dimen177
\caption@indent=\dimen178
\caption@parindent=\dimen179
\caption@hangindent=\dimen180
Package caption Info: Standard document class detected.
)
\c@caption@flags=\count297
\c@continuedfloat=\count298
Package caption Info: float package is loaded.
Package caption Info: hyperref package is loaded.
)
Package caption Info: New subtype `subfigure' on input line 239.
\c@subfigure=\count299
Package caption Info: New subtype `subtable' on input line 239.
\c@subtable=\count300
) (d:/texlive/2023/texmf-dist/tex/latex/mwe/mwe.sty
Package: mwe 2018/03/30 v0.5 Package to support minimal working examples (MWE)
 (d:/texlive/2023/texmf-dist/tex/latex/lipsum/lipsum.sty (d:/texlive/2023/texmf-dist/tex/latex/l3packages/l3keys2e/l3keys2e.sty (d:/texlive/2023/texmf-dist/tex/latex/l3kernel/expl3.sty
Package: expl3 2023-03-30 L3 programming layer (loader) 
 (d:/texlive/2023/texmf-dist/tex/latex/l3backend/l3backend-xetex.def
File: l3backend-xetex.def 2023-03-30 L3 backend support: XeTeX
\g__graphics_track_int=\count301
\l__pdf_internal_box=\box59
\g__pdf_backend_object_int=\count302
\g__pdf_backend_annotation_int=\count303
\g__pdf_backend_link_int=\count304
))
Package: l3keys2e 2023-02-02 LaTeX2e option processing using LaTeX3 keys
)
Package: lipsum 2021-09-20 v2.7 150 paragraphs of Lorem Ipsum dummy text
\g__lipsum_par_int=\count305
\l__lipsum_a_int=\count306
\l__lipsum_b_int=\count307
 (d:/texlive/2023/texmf-dist/tex/latex/lipsum/lipsum.ltd.tex)) (d:/texlive/2023/texmf-dist/tex/latex/blindtext/blindtext.sty
Package: blindtext 2012/01/06 V2.0 blindtext-Package
 (d:/texlive/2023/texmf-dist/tex/latex/tools/xspace.sty
Package: xspace 2014/10/28 v1.13 Space after command names (DPC,MH)
)
\c@blindtext=\count308
\c@Blindtext=\count309
\c@blind@countparstart=\count310
\blind@countxx=\count311
\blindtext@numBlindtext=\count312
\blind@countyy=\count313
\c@blindlist=\count314
\c@blindlistlevel=\count315
\c@blindlist@level=\count316
\blind@listitem=\count317
\c@blind@listcount=\count318
\c@blind@levelcount=\count319
\blind@mathformula=\count320
\blind@Mathformula=\count321
\c@blind@randomcount=\count322
\c@blind@randommax=\count323
\c@blind@pangramcount=\count324
\c@blind@pangrammax=\count325
)) (d:/texlive/2023/texmf-dist/tex/latex/bookmark/bookmark.sty
Package: bookmark 2020-11-06 v1.29 PDF bookmarks (HO)
 (d:/texlive/2023/texmf-dist/tex/latex/bookmark/bkm-dvipdfm.def
File: bkm-dvipdfm.def 2020-11-06 v1.29 bookmark driver for dvipdfm (HO)
\BKM@id=\count326
)) (d:/texlive/2023/texmf-dist/tex/latex/amsfonts/amssymb.sty
Package: amssymb 2013/01/14 v3.01 AMS font symbols
 (d:/texlive/2023/texmf-dist/tex/latex/amsfonts/amsfonts.sty
Package: amsfonts 2013/01/14 v3.01 Basic AMSFonts support
\symAMSa=\mathgroup4
\symAMSb=\mathgroup5
LaTeX Font Info:    Redeclaring math symbol \hbar on input line 98.
LaTeX Font Info:    Overwriting math alphabet `\mathfrak' in version `bold'
(Font)                  U/euf/m/n --> U/euf/b/n on input line 106.
)) (d:/texlive/2023/texmf-dist/tex/latex/amscls/amsthm.sty
Package: amsthm 2020/05/29 v2.20.6
\thm@style=\toks29
\thm@bodyfont=\toks30
\thm@headfont=\toks31
\thm@notefont=\toks32
\thm@headpunct=\toks33
\thm@preskip=\skip60
\thm@postskip=\skip61
\thm@headsep=\skip62
\dth@everypar=\toks34
) (d:/texlive/2023/texmf-dist/tex/latex/graphics/rotating.sty
Package: rotating 2016/08/11 v2.16d rotated objects in LaTeX
\c@r@tfl@t=\count327
\rotFPtop=\skip63
\rotFPbot=\skip64
\rot@float@box=\box60
\rot@mess@toks=\toks35
) (./main.aux

LaTeX Warning: Label `demo-table1' multiply defined.


LaTeX Warning: Label `fig:label1' multiply defined.


LaTeX Warning: Label `sub@fig:label1' multiply defined.


LaTeX Warning: Label `fig:label2' multiply defined.


LaTeX Warning: Label `sub@fig:label2' multiply defined.


LaTeX Warning: Label `fig:label3' multiply defined.


LaTeX Warning: Label `sub@fig:label3' multiply defined.


LaTeX Warning: Label `fig:label' multiply defined.


LaTeX Warning: Label `fig:label1' multiply defined.


LaTeX Warning: Label `sub@fig:label1' multiply defined.


LaTeX Warning: Label `fig:label2' multiply defined.


LaTeX Warning: Label `sub@fig:label2' multiply defined.


LaTeX Warning: Label `fig:label3' multiply defined.


LaTeX Warning: Label `sub@fig:label3' multiply defined.


LaTeX Warning: Label `fig:label' multiply defined.


LaTeX Warning: Label `fig:label1' multiply defined.


LaTeX Warning: Label `sub@fig:label1' multiply defined.


LaTeX Warning: Label `fig:label2' multiply defined.


LaTeX Warning: Label `sub@fig:label2' multiply defined.


LaTeX Warning: Label `fig:label3' multiply defined.


LaTeX Warning: Label `sub@fig:label3' multiply defined.


LaTeX Warning: Label `fig:label' multiply defined.


LaTeX Warning: Label `fig:label1' multiply defined.


LaTeX Warning: Label `sub@fig:label1' multiply defined.


LaTeX Warning: Label `fig:label2' multiply defined.


LaTeX Warning: Label `sub@fig:label2' multiply defined.


LaTeX Warning: Label `fig:label' multiply defined.

)
\openout1 = `main.aux'.

LaTeX Font Info:    Checking defaults for OML/cmm/m/it on input line 68.
LaTeX Font Info:    ... okay on input line 68.
LaTeX Font Info:    Checking defaults for OMS/cmsy/m/n on input line 68.
LaTeX Font Info:    ... okay on input line 68.
LaTeX Font Info:    Checking defaults for OT1/cmr/m/n on input line 68.
LaTeX Font Info:    ... okay on input line 68.
LaTeX Font Info:    Checking defaults for T1/cmr/m/n on input line 68.
LaTeX Font Info:    ... okay on input line 68.
LaTeX Font Info:    Checking defaults for TS1/cmr/m/n on input line 68.
LaTeX Font Info:    Trying to load font information for TS1+cmr on input line 68.
 (d:/texlive/2023/texmf-dist/tex/latex/base/ts1cmr.fd
File: ts1cmr.fd 2022/07/10 v2.5l Standard LaTeX font definitions
)
LaTeX Font Info:    ... okay on input line 68.
LaTeX Font Info:    Checking defaults for TU/lmr/m/n on input line 68.
LaTeX Font Info:    ... okay on input line 68.
LaTeX Font Info:    Checking defaults for OMX/cmex/m/n on input line 68.
LaTeX Font Info:    ... okay on input line 68.
LaTeX Font Info:    Checking defaults for U/cmr/m/n on input line 68.
LaTeX Font Info:    ... okay on input line 68.
LaTeX Font Info:    Checking defaults for PD1/pdf/m/n on input line 68.
LaTeX Font Info:    ... okay on input line 68.
LaTeX Font Info:    Checking defaults for PU/pdf/m/n on input line 68.
LaTeX Font Info:    ... okay on input line 68.

*geometry* driver: auto-detecting
*geometry* detected driver: xetex
*geometry* verbose mode - [ preamble ] result:
* driver: xetex
* paper: letterpaper
* layout: <same size as paper>
* layoutoffset:(h,v)=(0.0pt,0.0pt)
* modes: 
* h-part:(L,W,R)=(85.35826pt, 443.57848pt, 85.35826pt)
* v-part:(T,H,B)=(56.9055pt, 681.15898pt, 56.9055pt)
* \paperwidth=614.295pt
* \paperheight=794.96999pt
* \textwidth=443.57848pt
* \textheight=681.15898pt
* \oddsidemargin=13.08827pt
* \evensidemargin=13.08827pt
* \topmargin=-52.36449pt
* \headheight=12.0pt
* \headsep=25.0pt
* \topskip=11.0pt
* \footskip=30.0pt
* \marginparwidth=49.79231pt
* \marginparsep=10.0pt
* \columnsep=10.0pt
* \skip\footins=10.0pt plus 4.0pt minus 2.0pt
* \hoffset=0.0pt
* \voffset=0.0pt
* \mag=1000
* \@twocolumnfalse
* \@twosidefalse
* \@mparswitchfalse
* \@reversemarginfalse
* (1in=72.27pt=25.4mm, 1cm=28.453pt)

Package hyperref Info: Link coloring ON on input line 68.
Package caption Info: Begin \AtBeginDocument code.
Package caption Info: rotating package is loaded.
Package caption Info: End \AtBeginDocument code.
File: UoNTitle.png Graphic file (type bmp)
<UoNTitle.png>
[1

]

Package hyperref Warning: Option `colorlinks' has already been used,
(hyperref)                setting the option has no effect on input line 104.


Underfull \hbox (badness 10000) in paragraph at lines 106--108

 []


Underfull \hbox (badness 10000) in paragraph at lines 106--108

 []


Underfull \hbox (badness 10000) in paragraph at lines 106--108

 []

[1]
Underfull \hbox (badness 10000) in paragraph at lines 114--115

 []

[2] (./main.toc
LaTeX Font Info:    Trying to load font information for U+msa on input line 4.
 (d:/texlive/2023/texmf-dist/tex/latex/amsfonts/umsa.fd
File: umsa.fd 2013/01/14 v3.01 AMS symbols A
)
LaTeX Font Info:    Trying to load font information for U+msb on input line 4.
 (d:/texlive/2023/texmf-dist/tex/latex/amsfonts/umsb.fd
File: umsb.fd 2013/01/14 v3.01 AMS symbols B
) [3])
\tf@toc=\write3
\openout3 = `main.toc'.

 [4]
Underfull \hbox (badness 10000) in paragraph at lines 122--128

 []


Underfull \hbox (badness 10000) in paragraph at lines 122--128

 []


Underfull \hbox (badness 10000) in paragraph at lines 122--128

 []


Underfull \hbox (badness 10000) in paragraph at lines 122--128

 []


Underfull \hbox (badness 10000) in paragraph at lines 122--128

 []

[5]
Underfull \hbox (badness 10000) in paragraph at lines 129--132

 []


Underfull \hbox (badness 10000) in paragraph at lines 129--132

 []

[6]
Underfull \hbox (badness 10000) in paragraph at lines 135--138

 []


Underfull \hbox (badness 10000) in paragraph at lines 135--138

 []

[7] [8]
Underfull \hbox (badness 10000) in paragraph at lines 151--153

 []

File: tariff.png Graphic file (type bmp)
<tariff.png>
[9]
File: afterTheModel.png Graphic file (type bmp)
<afterTheModel.png>

Underfull \hbox (badness 10000) in paragraph at lines 167--173

 []

[10]
File: BranchBound.png Graphic file (type bmp)
<BranchBound.png>
 [11]
Underfull \hbox (badness 10000) in paragraph at lines 203--205

 []

[12]
File: dp.png Graphic file (type bmp)
<dp.png>
File: DPSolving.jpg Graphic file (type bmp)
<DPSolving.jpg>
 [13]
File: timeConstraint.png Graphic file (type bmp)
<timeConstraint.png>
 [14]
File: rolling.png Graphic file (type bmp)
<rolling.png>

Underfull \hbox (badness 10000) in paragraph at lines 237--240

 []


Underfull \hbox (badness 10000) in paragraph at lines 237--240

 []

File: rollingdivision.png Graphic file (type bmp)
<rollingdivision.png>
[15]
File: improvedoverlapper.png Graphic file (type bmp)
<improvedoverlapper.png>
File: uselessintersect.png Graphic file (type bmp)
<uselessintersect.png>
 [16]
File: improvedworks.png Graphic file (type bmp)
<improvedworks.png>
File: improvedrolling.png Graphic file (type bmp)
<improvedrolling.png>
 [17]
File: myflowchart.jpg Graphic file (type bmp)
<myflowchart.jpg>

Underfull \hbox (badness 10000) in paragraph at lines 279--286

 []


Underfull \hbox (badness 10000) in paragraph at lines 279--286

 []

[18]
File: RulewithPrediction.png Graphic file (type bmp)
<RulewithPrediction.png>
 [19]
Underfull \hbox (badness 10000) in paragraph at lines 296--298

 []

[20]
Overfull \hbox (24.29152pt too wide) in paragraph at lines 304--322
[][] 
 []


Underfull \hbox (badness 10000) in paragraph at lines 323--325

 []

[21]
Underfull \hbox (badness 10000) in paragraph at lines 338--342

 []


Underfull \hbox (badness 10000) in paragraph at lines 338--342

 []


Underfull \hbox (badness 10000) in paragraph at lines 338--342

 []


Underfull \hbox (badness 10000) in paragraph at lines 343--359

 []

[22]
Underfull \hbox (badness 10000) in paragraph at lines 359--362

 []

Package hyperref Info: bookmark level for unknown algorithm defaults to 0 on input line 363.
[23]
Overfull \hbox (27.70699pt too wide) in paragraph at lines 420--435
[][] 
 []


Underfull \hbox (badness 10000) in paragraph at lines 436--438

 []

[24]
Overfull \hbox (15.09073pt too wide) in paragraph at lines 441--442
[]\TU/lmr/m/n/10.95 A sequence of minimization problem $\OML/cmm/m/it/10.95 Problem; windowSize < N[]; rateOfDeviation >
 []


Overfull \hbox (1.7318pt too wide) in paragraph at lines 450--451
[] \TU/lmr/m/n/10.95 s.t. $\OML/cmm/m/it/10.95 solution[] \OMS/cmsy/m/n/10.95 ^^T \OT1/cmr/m/n/10.95 (1 + \OML/cmm/m/it/10.95 rateOfDeviation\OT1/cmr/m/n/10.95 )\OML/cmm/m/it/10.95 optimal[]$ 
 []


Overfull \hbox (32.84998pt too wide) in paragraph at lines 455--456
[] [] 
 []


Overfull \hbox (32.84998pt too wide) in paragraph at lines 456--458
[] [] 
 []


Overfull \hbox (4.6532pt too wide) in paragraph at lines 465--467
\TU/lmr/m/n/10.95 The algorithm shown above represents the improved rolling horizon approach. $\OMS/cmsy/m/n/10.95 b[]c[]$
 []

[25]
Underfull \hbox (badness 10000) in paragraph at lines 479--482

 []


Underfull \hbox (badness 10000) in paragraph at lines 483--485

 []


Underfull \hbox (badness 10000) in paragraph at lines 491--494

 []

[26]
Underfull \hbox (badness 10000) in paragraph at lines 498--501

 []


Underfull \hbox (badness 10000) in paragraph at lines 503--506

 []


Underfull \hbox (badness 10000) in paragraph at lines 508--511

 []


Underfull \hbox (badness 10000) in paragraph at lines 513--516

 []


Underfull \hbox (badness 10000) in paragraph at lines 518--522

 []


Underfull \hbox (badness 10000) in paragraph at lines 518--522

 []


Underfull \hbox (badness 10000) in paragraph at lines 518--522

 []


Underfull \hbox (badness 10000) in paragraph at lines 518--522

 []

[27]
Underfull \hbox (badness 10000) in paragraph at lines 529--532

 []


Underfull \hbox (badness 10000) in paragraph at lines 529--532

 []


Underfull \hbox (badness 10000) in paragraph at lines 541--543

 []

[28]
Underfull \hbox (badness 10000) in paragraph at lines 548--551

 []


Underfull \hbox (badness 10000) in paragraph at lines 548--551

 []


Underfull \hbox (badness 10000) in paragraph at lines 552--555

 []


Underfull \hbox (badness 10000) in paragraph at lines 552--555

 []

[29]
Underfull \hbox (badness 10000) in paragraph at lines 560--563

 []


Underfull \hbox (badness 10000) in paragraph at lines 560--563

 []

[30]
Underfull \hbox (badness 10000) in paragraph at lines 564--566

 []


Underfull \hbox (badness 10000) in paragraph at lines 567--589

 []

File: DP vs PDP vs RDP global.png Graphic file (type bmp)
<DP vs PDP vs RDP global.png>
File: milp vs rMILP global.png Graphic file (type bmp)
<milp vs rMILP global.png>
File: Rule vs Rule with Prediction global.png Graphic file (type bmp)
<Rule vs Rule with Prediction global.png>

Overfull \hbox (2.4309pt too wide) in paragraph at lines 595--615
[][]  []
 []


Underfull \hbox (badness 10000) in paragraph at lines 595--615

 []


Underfull \hbox (badness 10000) in paragraph at lines 592--617

 []

[31]
Underfull \hbox (badness 10000) in paragraph at lines 618--621

 []


Underfull \hbox (badness 10000) in paragraph at lines 618--621

 []


Underfull \hbox (badness 10000) in paragraph at lines 622--641

 []


Underfull \hbox (badness 10000) in paragraph at lines 622--641

 []

[32]
Underfull \hbox (badness 10000) in paragraph at lines 642--644

 []


Underfull \hbox (badness 10000) in paragraph at lines 645--647

 []

File: DP vs PDP vs RDP success rate.png Graphic file (type bmp)
<DP vs PDP vs RDP success rate.png>
File: basic MILP vs MILP success rate.png Graphic file (type bmp)
<basic MILP vs MILP success rate.png>
File: rule vs rule prediction success rate.png Graphic file (type bmp)
<rule vs rule prediction success rate.png>

Overfull \hbox (2.4309pt too wide) in paragraph at lines 652--672
[][]  []
 []


Underfull \hbox (badness 10000) in paragraph at lines 652--672

 []


Underfull \hbox (badness 10000) in paragraph at lines 649--674

 []

[33]
Underfull \hbox (badness 10000) in paragraph at lines 675--677

 []


Underfull \hbox (badness 10000) in paragraph at lines 678--681

 []


Underfull \hbox (badness 10000) in paragraph at lines 678--681

 []

[34]
File: DP vs Pruned DP running time.png Graphic file (type bmp)
<DP vs Pruned DP running time.png>
File: Rule vs Rule with Prediction Running time.png Graphic file (type bmp)
<Rule vs Rule with Prediction Running time.png>
File: basic Rolling MILP vs MILP running time.png Graphic file (type bmp)
<basic Rolling MILP vs MILP running time.png>

Overfull \hbox (2.4309pt too wide) in paragraph at lines 684--704
[][]  []
 []


Underfull \hbox (badness 10000) in paragraph at lines 684--704

 []

[35]
Underfull \hbox (badness 10000) in paragraph at lines 707--710

 []


Underfull \hbox (badness 10000) in paragraph at lines 707--710

 []


Underfull \hbox (badness 10000) in paragraph at lines 711--714

 []


Underfull \hbox (badness 10000) in paragraph at lines 711--714

 []

File: DP vs Prune vs Rolling memory.png Graphic file (type bmp)
<DP vs Prune vs Rolling memory.png>
File: basic Rolling MILP vs MILP vs Improved DP memory.png Graphic file (type bmp)
<basic Rolling MILP vs MILP vs Improved DP memory.png>
File: Rule vs Rule with Prediction memory.png Graphic file (type bmp)
<Rule vs Rule with Prediction memory.png>

Overfull \hbox (2.4309pt too wide) in paragraph at lines 717--737
[][]  []
 []


Underfull \hbox (badness 10000) in paragraph at lines 717--737

 []

[36]
Underfull \hbox (badness 10000) in paragraph at lines 740--744

 []


Underfull \hbox (badness 10000) in paragraph at lines 740--744

 []


Underfull \hbox (badness 10000) in paragraph at lines 745--747

 []

[37]
File: parameter tuning success rate.png Graphic file (type bmp)
<parameter tuning success rate.png>

Underfull \hbox (badness 10000) in paragraph at lines 768--775

 []


Underfull \hbox (badness 10000) in paragraph at lines 768--775

 []

[38]
File: parameter tuning running time.png Graphic file (type bmp)
<parameter tuning running time.png>
File: parameter tuning memory.png Graphic file (type bmp)
<parameter tuning memory.png>

Overfull \hbox (2.4309pt too wide) in paragraph at lines 779--793
[][]  []
 []


Underfull \hbox (badness 10000) in paragraph at lines 779--793

 []


Underfull \hbox (badness 10000) in paragraph at lines 799--804

 []


Underfull \hbox (badness 10000) in paragraph at lines 799--804

 []


Underfull \hbox (badness 10000) in paragraph at lines 799--804

 []


Underfull \hbox (badness 10000) in paragraph at lines 799--804

 []

[39]
Underfull \hbox (badness 10000) in paragraph at lines 807--811

 []


Underfull \hbox (badness 10000) in paragraph at lines 807--811

 []


Underfull \hbox (badness 10000) in paragraph at lines 807--811

 []

[40]
Underfull \hbox (badness 10000) in paragraph at lines 814--817

 []


Underfull \hbox (badness 10000) in paragraph at lines 814--817

 []


Underfull \hbox (badness 10000) in paragraph at lines 818--820

 []

[41]
Underfull \hbox (badness 10000) in paragraph at lines 821--826

 []


Underfull \hbox (badness 10000) in paragraph at lines 821--826

 []


Underfull \hbox (badness 10000) in paragraph at lines 821--826

 []


Underfull \hbox (badness 10000) in paragraph at lines 821--826

 []

[42] (./main.bbl
Underfull \hbox (badness 7273) in paragraph at lines 4--6
[]\TU/lmr/m/n/10.95 Executive summary – Electricity Market Report - July 2022 – Analysis.
 []


Underfull \hbox (badness 10000) in paragraph at lines 4--6
\TU/lmr/m/n/10.95 https://www.iea.org/reports/electricity-market-report-july-2022/executive-summary,
 []


Underfull \hbox (badness 7704) in paragraph at lines 8--10
[]\TU/lmr/m/n/10.95 The price of batteries has declined by 97% in the last three decades.
 []


Underfull \hbox (badness 10000) in paragraph at lines 41--44
[]\TU/lmr/m/n/10.95 Nigel Charig.  BESS: These factors are driving the growing demand.
 []


Underfull \hbox (badness 10000) in paragraph at lines 41--44
\TU/lmr/m/n/10.95 https://www.power-and-beyond.com/bess-these-factors-are-driving-the-growing-
 []

[43]
Missing character: There is no ᐅ (U+1405) in font [lmroman10-regular]:mapping=tex-text;!
) [44] (./main.aux)

LaTeX Warning: There were multiply-defined labels.

 ) 
Here is how much of TeX's memory you used:
 15124 strings out of 476675
 252022 string characters out of 5807326
 1863290 words of memory out of 5000000
 35086 multiletter control sequences out of 15000+600000
 518060 words of font info for 69 fonts, out of 8000000 for 9000
 1348 hyphenation exceptions out of 8191
 87i,14n,91p,1876b,580s stack positions out of 10000i,1000n,20000p,200000b,200000s

Output written on main.pdf (45 pages).
